<?xml version="1.0" encoding="UTF-8"?>
<Site BuildName="Win32-mingw32-make"
	BuildStamp="20250510-1014-Experimental"
	Name="SamsungBook2"
	Generator="ctest-3.28.3-msvc11"
	CompilerName="C:/msys64/ucrt64/bin/g++.exe"
	CompilerVersion="14.2.0"
	OSName="Windows"
	Hostname="SamsungBook2"
	OSRelease=" Personal"
	OSVersion=" (Build 26100)"
	OSPlatform="AMD64"
	Is64Bits="1"
	VendorString="GenuineIntel"
	VendorID="Intel Corporation"
	FamilyID="6"
	ModelID="10"
	ProcessorCacheSize="-1"
	NumberOfLogicalCPU="12"
	NumberOfPhysicalCPU="10"
	TotalVirtualMemory="17107"
	TotalPhysicalMemory="16083"
	LogicalProcessorsPerPhysical="1"
	ProcessorClockFrequency="2496"
	>
	<Testing>
		<StartDateTime>May 10 20:39 Central Europe Daylight Time</StartDateTime>
		<StartTestTime>1746902372</StartTestTime>
		<TestList/>
		<EndDateTime>May 10 20:39 Central Europe Daylight Time</EndDateTime>
		<EndTestTime>1746902372</EndTestTime>
		<ElapsedMinutes>0</ElapsedMinutes>
	</Testing>
</Site>
