<?xml version="1.0" encoding="UTF-8"?>
<Site BuildName="Win32-mingw32-make"
	BuildStamp="20250429-1426-Experimental"
	Name="SamsungBook2"
	Generator="ctest-3.28.3-msvc11"
	CompilerName="C:/MinGW/bin/c++.exe"
	CompilerVersion="6.3.0"
	OSName="Windows"
	Hostname="SamsungBook2"
	OSRelease=" Personal"
	OSVersion=" (Build 26100)"
	OSPlatform="AMD64"
	Is64Bits="1"
	VendorString="GenuineIntel"
	VendorID="Intel Corporation"
	FamilyID="6"
	ModelID="10"
	ProcessorCacheSize="-1"
	NumberOfLogicalCPU="12"
	NumberOfPhysicalCPU="10"
	TotalVirtualMemory="17107"
	TotalPhysicalMemory="16083"
	LogicalProcessorsPerPhysical="1"
	ProcessorClockFrequency="2495"
	>
	<Testing>
		<StartDateTime>Apr 29 16:26 Central Europe Daylight Time</StartDateTime>
		<StartTestTime>1745936807</StartTestTime>
		<TestList/>
		<EndDateTime>Apr 29 16:26 Central Europe Daylight Time</EndDateTime>
		<EndTestTime>1745936807</EndTestTime>
		<ElapsedMinutes>0</ElapsedMinutes>
	</Testing>
</Site>
